c:\users\sng\documents\visual studio 2015\projects\cryptography-project\cryptography project\x64\release\vc140.pdb
c:\users\sng\documents\visual studio 2015\projects\cryptography-project\cryptography project\x64\release\sounds.obj
c:\users\sng\documents\visual studio 2015\projects\cryptography-project\cryptography project\x64\release\matrixmath.obj
c:\users\sng\documents\visual studio 2015\projects\cryptography-project\cryptography project\x64\release\keygenerate.obj
c:\users\sng\documents\visual studio 2015\projects\cryptography-project\cryptography project\x64\release\io.obj
c:\users\sng\documents\visual studio 2015\projects\cryptography-project\cryptography project\x64\release\graphics.obj
c:\users\sng\documents\visual studio 2015\projects\cryptography-project\cryptography project\x64\release\fileio.obj
c:\users\sng\documents\visual studio 2015\projects\cryptography-project\cryptography project\x64\release\encrypt.obj
c:\users\sng\documents\visual studio 2015\projects\cryptography-project\cryptography project\x64\release\decrypt.obj
c:\users\sng\documents\visual studio 2015\projects\cryptography-project\cryptography project\x64\release\cryptography.obj
c:\users\sng\documents\visual studio 2015\projects\cryptography-project\cryptography project\x64\release\conversions.obj
c:\users\sng\documents\visual studio 2015\projects\cryptography-project\cryptography project\x64\release\hashaes.obj
c:\users\sng\documents\visual studio 2015\projects\cryptography-project\x64\release\cryptography project.exe
c:\users\sng\documents\visual studio 2015\projects\cryptography-project\x64\release\cryptography project.ipdb
c:\users\sng\documents\visual studio 2015\projects\cryptography-project\x64\release\cryptography project.iobj
c:\users\sng\documents\visual studio 2015\projects\cryptography-project\x64\release\cryptography project.pdb
c:\users\sng\documents\visual studio 2015\projects\cryptography-project\cryptography project\x64\release\cryptography project.res
c:\users\sng\documents\visual studio 2015\projects\cryptography-project\cryptography project\x64\release\cryptogr.d44d8a6d.tlog\cl.command.1.tlog
c:\users\sng\documents\visual studio 2015\projects\cryptography-project\cryptography project\x64\release\cryptogr.d44d8a6d.tlog\cl.read.1.tlog
c:\users\sng\documents\visual studio 2015\projects\cryptography-project\cryptography project\x64\release\cryptogr.d44d8a6d.tlog\cl.write.1.tlog
c:\users\sng\documents\visual studio 2015\projects\cryptography-project\cryptography project\x64\release\cryptogr.d44d8a6d.tlog\link.command.1.tlog
c:\users\sng\documents\visual studio 2015\projects\cryptography-project\cryptography project\x64\release\cryptogr.d44d8a6d.tlog\link.read.1.tlog
c:\users\sng\documents\visual studio 2015\projects\cryptography-project\cryptography project\x64\release\cryptogr.d44d8a6d.tlog\link.write.1.tlog
c:\users\sng\documents\visual studio 2015\projects\cryptography-project\cryptography project\x64\release\cryptogr.d44d8a6d.tlog\rc.command.1.tlog
c:\users\sng\documents\visual studio 2015\projects\cryptography-project\cryptography project\x64\release\cryptogr.d44d8a6d.tlog\rc.read.1.tlog
c:\users\sng\documents\visual studio 2015\projects\cryptography-project\cryptography project\x64\release\cryptogr.d44d8a6d.tlog\rc.write.1.tlog
