  cryptlid.lib(cryptlib.obj) : MSIL .netmodule or module compiled with /GL found; restarting link with /LTCG; add /LTCG to the link command line to improve linker performance
LINK : warning LNK4075: ignoring '/INCREMENTAL' due to '/LTCG' specification
Conversions.obj : warning LNK4075: ignoring '/EDITANDCONTINUE' due to '/OPT:LBR' specification
  Generating code
  Finished generating code
cryptlid.lib(cryptlib.obj) : warning LNK4099: PDB 'vc80.pdb' was not found with 'cryptlid.lib(cryptlib.obj)' or at 'C:\Users\sng\Documents\GitHub\Cryptography-Project\Debug\vc80.pdb'; linking object as if no debug info
cryptlid.lib(misc.obj) : warning LNK4099: PDB 'vc80.pdb' was not found with 'cryptlid.lib(misc.obj)' or at 'C:\Users\sng\Documents\GitHub\Cryptography-Project\Debug\vc80.pdb'; linking object as if no debug info
cryptlid.lib(filters.obj) : warning LNK4099: PDB 'vc80.pdb' was not found with 'cryptlid.lib(filters.obj)' or at 'C:\Users\sng\Documents\GitHub\Cryptography-Project\Debug\vc80.pdb'; linking object as if no debug info
cryptlid.lib(rijndael.obj) : warning LNK4099: PDB 'vc80.pdb' was not found with 'cryptlid.lib(rijndael.obj)' or at 'C:\Users\sng\Documents\GitHub\Cryptography-Project\Debug\vc80.pdb'; linking object as if no debug info
cryptlid.lib(algparam.obj) : warning LNK4099: PDB 'vc80.pdb' was not found with 'cryptlid.lib(algparam.obj)' or at 'C:\Users\sng\Documents\GitHub\Cryptography-Project\Debug\vc80.pdb'; linking object as if no debug info
cryptlid.lib(modes.obj) : warning LNK4099: PDB 'vc80.pdb' was not found with 'cryptlid.lib(modes.obj)' or at 'C:\Users\sng\Documents\GitHub\Cryptography-Project\Debug\vc80.pdb'; linking object as if no debug info
cryptlid.lib(iterhash.obj) : warning LNK4099: PDB 'vc80.pdb' was not found with 'cryptlid.lib(iterhash.obj)' or at 'C:\Users\sng\Documents\GitHub\Cryptography-Project\Debug\vc80.pdb'; linking object as if no debug info
cryptlid.lib(sha.obj) : warning LNK4099: PDB 'vc80.pdb' was not found with 'cryptlid.lib(sha.obj)' or at 'C:\Users\sng\Documents\GitHub\Cryptography-Project\Debug\vc80.pdb'; linking object as if no debug info
cryptlid.lib(basecode.obj) : warning LNK4099: PDB 'vc80.pdb' was not found with 'cryptlid.lib(basecode.obj)' or at 'C:\Users\sng\Documents\GitHub\Cryptography-Project\Debug\vc80.pdb'; linking object as if no debug info
cryptlid.lib(hex.obj) : warning LNK4099: PDB 'vc80.pdb' was not found with 'cryptlid.lib(hex.obj)' or at 'C:\Users\sng\Documents\GitHub\Cryptography-Project\Debug\vc80.pdb'; linking object as if no debug info
cryptlid.lib(files.obj) : warning LNK4099: PDB 'vc80.pdb' was not found with 'cryptlid.lib(files.obj)' or at 'C:\Users\sng\Documents\GitHub\Cryptography-Project\Debug\vc80.pdb'; linking object as if no debug info
cryptlid.lib(pch.obj) : warning LNK4099: PDB 'vc80.pdb' was not found with 'cryptlid.lib(pch.obj)' or at 'C:\Users\sng\Documents\GitHub\Cryptography-Project\Debug\vc80.pdb'; linking object as if no debug info
cryptlid.lib(queue.obj) : warning LNK4099: PDB 'vc80.pdb' was not found with 'cryptlid.lib(queue.obj)' or at 'C:\Users\sng\Documents\GitHub\Cryptography-Project\Debug\vc80.pdb'; linking object as if no debug info
cryptlid.lib(fips140.obj) : warning LNK4099: PDB 'vc80.pdb' was not found with 'cryptlid.lib(fips140.obj)' or at 'C:\Users\sng\Documents\GitHub\Cryptography-Project\Debug\vc80.pdb'; linking object as if no debug info
cryptlid.lib(integer.obj) : warning LNK4099: PDB 'vc80.pdb' was not found with 'cryptlid.lib(integer.obj)' or at 'C:\Users\sng\Documents\GitHub\Cryptography-Project\Debug\vc80.pdb'; linking object as if no debug info
cryptlid.lib(mqueue.obj) : warning LNK4099: PDB 'vc80.pdb' was not found with 'cryptlid.lib(mqueue.obj)' or at 'C:\Users\sng\Documents\GitHub\Cryptography-Project\Debug\vc80.pdb'; linking object as if no debug info
cryptlid.lib(cpu.obj) : warning LNK4099: PDB 'vc80.pdb' was not found with 'cryptlid.lib(cpu.obj)' or at 'C:\Users\sng\Documents\GitHub\Cryptography-Project\Debug\vc80.pdb'; linking object as if no debug info
cryptlid.lib(rdtables.obj) : warning LNK4099: PDB 'vc80.pdb' was not found with 'cryptlid.lib(rdtables.obj)' or at 'C:\Users\sng\Documents\GitHub\Cryptography-Project\Debug\vc80.pdb'; linking object as if no debug info
cryptlid.lib(dll.obj) : warning LNK4099: PDB 'vc80.pdb' was not found with 'cryptlid.lib(dll.obj)' or at 'C:\Users\sng\Documents\GitHub\Cryptography-Project\Debug\vc80.pdb'; linking object as if no debug info
cryptlid.lib(des.obj) : warning LNK4099: PDB 'vc80.pdb' was not found with 'cryptlid.lib(des.obj)' or at 'C:\Users\sng\Documents\GitHub\Cryptography-Project\Debug\vc80.pdb'; linking object as if no debug info
cryptlid.lib(asn.obj) : warning LNK4099: PDB 'vc80.pdb' was not found with 'cryptlid.lib(asn.obj)' or at 'C:\Users\sng\Documents\GitHub\Cryptography-Project\Debug\vc80.pdb'; linking object as if no debug info
cryptlid.lib(pubkey.obj) : warning LNK4099: PDB 'vc80.pdb' was not found with 'cryptlid.lib(pubkey.obj)' or at 'C:\Users\sng\Documents\GitHub\Cryptography-Project\Debug\vc80.pdb'; linking object as if no debug info
cryptlid.lib(nbtheory.obj) : warning LNK4099: PDB 'vc80.pdb' was not found with 'cryptlid.lib(nbtheory.obj)' or at 'C:\Users\sng\Documents\GitHub\Cryptography-Project\Debug\vc80.pdb'; linking object as if no debug info
cryptlid.lib(ecp.obj) : warning LNK4099: PDB 'vc80.pdb' was not found with 'cryptlid.lib(ecp.obj)' or at 'C:\Users\sng\Documents\GitHub\Cryptography-Project\Debug\vc80.pdb'; linking object as if no debug info
cryptlid.lib(gfpcrypt.obj) : warning LNK4099: PDB 'vc80.pdb' was not found with 'cryptlid.lib(gfpcrypt.obj)' or at 'C:\Users\sng\Documents\GitHub\Cryptography-Project\Debug\vc80.pdb'; linking object as if no debug info
cryptlid.lib(ec2n.obj) : warning LNK4099: PDB 'vc80.pdb' was not found with 'cryptlid.lib(ec2n.obj)' or at 'C:\Users\sng\Documents\GitHub\Cryptography-Project\Debug\vc80.pdb'; linking object as if no debug info
cryptlid.lib(gf2n.obj) : warning LNK4099: PDB 'vc80.pdb' was not found with 'cryptlid.lib(gf2n.obj)' or at 'C:\Users\sng\Documents\GitHub\Cryptography-Project\Debug\vc80.pdb'; linking object as if no debug info
cryptlid.lib(rng.obj) : warning LNK4099: PDB 'vc80.pdb' was not found with 'cryptlid.lib(rng.obj)' or at 'C:\Users\sng\Documents\GitHub\Cryptography-Project\Debug\vc80.pdb'; linking object as if no debug info
cryptlid.lib(osrng.obj) : warning LNK4099: PDB 'vc80.pdb' was not found with 'cryptlid.lib(osrng.obj)' or at 'C:\Users\sng\Documents\GitHub\Cryptography-Project\Debug\vc80.pdb'; linking object as if no debug info
cryptlid.lib(dessp.obj) : warning LNK4099: PDB 'vc80.pdb' was not found with 'cryptlid.lib(dessp.obj)' or at 'C:\Users\sng\Documents\GitHub\Cryptography-Project\Debug\vc80.pdb'; linking object as if no debug info
cryptlid.lib(hmac.obj) : warning LNK4099: PDB 'vc80.pdb' was not found with 'cryptlid.lib(hmac.obj)' or at 'C:\Users\sng\Documents\GitHub\Cryptography-Project\Debug\vc80.pdb'; linking object as if no debug info
cryptlid.lib(randpool.obj) : warning LNK4099: PDB 'vc80.pdb' was not found with 'cryptlid.lib(randpool.obj)' or at 'C:\Users\sng\Documents\GitHub\Cryptography-Project\Debug\vc80.pdb'; linking object as if no debug info
cryptlid.lib(hrtimer.obj) : warning LNK4099: PDB 'vc80.pdb' was not found with 'cryptlid.lib(hrtimer.obj)' or at 'C:\Users\sng\Documents\GitHub\Cryptography-Project\Debug\vc80.pdb'; linking object as if no debug info
  Cryptography Project.vcxproj -> C:\Users\sng\Documents\GitHub\Cryptography-Project\Debug\Cryptography Project.exe
