c:\users\sng\documents\visual studio 2015\projects\cryptography-project\cryptography project\debug\vc140.pdb
c:\users\sng\documents\visual studio 2015\projects\cryptography-project\cryptography project\debug\vc140.idb
c:\users\sng\documents\visual studio 2015\projects\cryptography-project\cryptography project\debug\conversions.obj
c:\users\sng\documents\visual studio 2015\projects\cryptography-project\cryptography project\debug\cryptography.obj
c:\users\sng\documents\visual studio 2015\projects\cryptography-project\cryptography project\debug\decrypt.obj
c:\users\sng\documents\visual studio 2015\projects\cryptography-project\cryptography project\debug\encrypt.obj
c:\users\sng\documents\visual studio 2015\projects\cryptography-project\cryptography project\debug\fileio.obj
c:\users\sng\documents\visual studio 2015\projects\cryptography-project\cryptography project\debug\graphics.obj
c:\users\sng\documents\visual studio 2015\projects\cryptography-project\cryptography project\debug\io.obj
c:\users\sng\documents\visual studio 2015\projects\cryptography-project\cryptography project\debug\keygenerate.obj
c:\users\sng\documents\visual studio 2015\projects\cryptography-project\cryptography project\debug\matrixmath.obj
c:\users\sng\documents\visual studio 2015\projects\cryptography-project\cryptography project\debug\rsa.obj
c:\users\sng\documents\visual studio 2015\projects\cryptography-project\cryptography project\debug\sounds.obj
c:\users\sng\documents\visual studio 2015\projects\cryptography-project\cryptography project\debug\cryptography project.res
c:\users\sng\documents\visual studio 2015\projects\cryptography-project\debug\cryptography project.pdb
c:\users\sng\documents\visual studio 2015\projects\cryptography-project\cryptography project\debug\cryptogr.d44d8a6d.tlog\cl.command.1.tlog
c:\users\sng\documents\visual studio 2015\projects\cryptography-project\cryptography project\debug\cryptogr.d44d8a6d.tlog\cl.read.1.tlog
c:\users\sng\documents\visual studio 2015\projects\cryptography-project\cryptography project\debug\cryptogr.d44d8a6d.tlog\cl.write.1.tlog
c:\users\sng\documents\visual studio 2015\projects\cryptography-project\cryptography project\debug\cryptogr.d44d8a6d.tlog\link.11696.read.1.tlog
c:\users\sng\documents\visual studio 2015\projects\cryptography-project\cryptography project\debug\cryptogr.d44d8a6d.tlog\link.11696.write.1.tlog
c:\users\sng\documents\visual studio 2015\projects\cryptography-project\cryptography project\debug\cryptogr.d44d8a6d.tlog\link.command.1.tlog
c:\users\sng\documents\visual studio 2015\projects\cryptography-project\cryptography project\debug\cryptogr.d44d8a6d.tlog\link.read.1.tlog
c:\users\sng\documents\visual studio 2015\projects\cryptography-project\cryptography project\debug\cryptogr.d44d8a6d.tlog\link.write.1.tlog
c:\users\sng\documents\visual studio 2015\projects\cryptography-project\cryptography project\debug\cryptogr.d44d8a6d.tlog\rc.command.1.tlog
c:\users\sng\documents\visual studio 2015\projects\cryptography-project\cryptography project\debug\cryptogr.d44d8a6d.tlog\rc.read.1.tlog
c:\users\sng\documents\visual studio 2015\projects\cryptography-project\cryptography project\debug\cryptogr.d44d8a6d.tlog\rc.write.1.tlog
