c:\users\sng\documents\github\cryptography-project\cryptography project\release\vc140.pdb
c:\users\sng\documents\github\cryptography-project\cryptography project\release\sounds.obj
c:\users\sng\documents\github\cryptography-project\cryptography project\release\rsa.obj
c:\users\sng\documents\github\cryptography-project\cryptography project\release\matrixmath.obj
c:\users\sng\documents\github\cryptography-project\cryptography project\release\keygenerate.obj
c:\users\sng\documents\github\cryptography-project\cryptography project\release\io.obj
c:\users\sng\documents\github\cryptography-project\cryptography project\release\graphics.obj
c:\users\sng\documents\github\cryptography-project\cryptography project\release\fileio.obj
c:\users\sng\documents\github\cryptography-project\cryptography project\release\encrypt.obj
c:\users\sng\documents\github\cryptography-project\cryptography project\release\decrypt.obj
c:\users\sng\documents\github\cryptography-project\cryptography project\release\cryptography.obj
c:\users\sng\documents\github\cryptography-project\cryptography project\release\conversions.obj
c:\users\sng\documents\github\cryptography-project\cryptography project\release\cryptography project.res
c:\users\sng\documents\github\cryptography-project\cryptography project\release\cryptogr.d44d8a6d.tlog\cl.command.1.tlog
c:\users\sng\documents\github\cryptography-project\cryptography project\release\cryptogr.d44d8a6d.tlog\cl.read.1.tlog
c:\users\sng\documents\github\cryptography-project\cryptography project\release\cryptogr.d44d8a6d.tlog\cl.write.1.tlog
c:\users\sng\documents\github\cryptography-project\cryptography project\release\cryptogr.d44d8a6d.tlog\link.command.1.tlog
c:\users\sng\documents\github\cryptography-project\cryptography project\release\cryptogr.d44d8a6d.tlog\link.read.1.tlog
c:\users\sng\documents\github\cryptography-project\cryptography project\release\cryptogr.d44d8a6d.tlog\link.write.1.tlog
c:\users\sng\documents\github\cryptography-project\cryptography project\release\cryptogr.d44d8a6d.tlog\rc.command.1.tlog
c:\users\sng\documents\github\cryptography-project\cryptography project\release\cryptogr.d44d8a6d.tlog\rc.read.1.tlog
c:\users\sng\documents\github\cryptography-project\cryptography project\release\cryptogr.d44d8a6d.tlog\rc.write.1.tlog
