  Generating code
c:\users\sng\documents\github\cryptography-project\cryptography project\matrixmath.cpp(84): warning C4715: 'inverseInt': not all control paths return a value
c:\users\sng\downloads\cryptopp-cryptopp_5_6_3\hrtimer.cpp : fatal error C1001: An internal error has occurred in the compiler.
  (compiler file 'f:\dd\vctools\compiler\utc\src\p2\main.c', line 246)
   To work around this problem, try simplifying or changing the program near the locations listed above.
  Please choose the Technical Support command on the Visual C++ 
   Help menu, or open the Technical Support help file for more information
    link!InvokeCompilerPass()+0x2305d
    link!InvokeCompilerPass()+0x2305d
    link!InvokeCompilerPass()+0x2330e
    link!InvokeCompilerPass()+0x233cd
    link!InvokeCompilerPass()+0x22b03
    link!InvokeCompilerPass()+0x22d88
    link!DllGetC2Telemetry()+0xe6487
  
c:\users\sng\downloads\cryptopp-cryptopp_5_6_3\hrtimer.cpp : fatal error C1001: An internal error has occurred in the compiler.
  (compiler file 'f:\dd\vctools\compiler\utc\src\p2\main.c', line 246)
   To work around this problem, try simplifying or changing the program near the locations listed above.
  Please choose the Technical Support command on the Visual C++ 
   Help menu, or open the Technical Support help file for more information
    link!InvokeCompilerPass()+0x2305d
    link!InvokeCompilerPass()+0x2330e
    link!InvokeCompilerPass()+0x233cd
    link!InvokeCompilerPass()+0x22b03
    link!InvokeCompilerPass()+0x22d88
    link!DllGetC2Telemetry()+0xe6487
  
  
LINK : fatal error LNK1000: Internal error during IMAGE::BuildImage
  
    Version 14.00.23506.0
  
    ExceptionCode            = C0000005
    ExceptionFlags           = 00000000
    ExceptionAddress         = 513348A7 (50FC0000) "C:\Program Files (x86)\Microsoft Visual Studio 14.0\VC\bin\c2.dll"
    NumberParameters         = 00000002
    ExceptionInformation[ 0] = 00000000
    ExceptionInformation[ 1] = 0000002C
  
  CONTEXT:
    Eax    = 00000000  Esp    = 0018E670
    Ebx    = 00000000  Ebp    = 0018E690
    Ecx    = 00002392  Esi    = 147B2254
    Edx    = 06F01944  Edi    = 147B224C
    Eip    = 513348A7  EFlags = 00010246
    SegCs  = 00000023  SegDs  = 0000002B
    SegSs  = 0000002B  SegEs  = 0000002B
    SegFs  = 00000053  SegGs  = 0000002B
    Dr0    = 00000000  Dr3    = 00000000
    Dr1    = 00000000  Dr6    = 00000000
    Dr2    = 00000000  Dr7    = 00000000
