  MatrixMath.cpp
  KeyGenerate.cpp
c:\users\sng\documents\visual studio 2015\projects\cryptography-project\cryptography project\keygenerate.cpp(5): warning C4244: 'argument': conversion from 'time_t' to 'unsigned int', possible loss of data
c:\users\sng\documents\visual studio 2015\projects\cryptography-project\cryptography project\keygenerate.cpp(27): warning C4244: 'argument': conversion from 'time_t' to 'unsigned int', possible loss of data
c:\users\sng\documents\visual studio 2015\projects\cryptography-project\cryptography project\keygenerate.cpp(40): warning C4244: 'argument': conversion from 'time_t' to 'unsigned int', possible loss of data
  IO.cpp
  Graphics.cpp
  FileIO.cpp
c:\users\sng\documents\visual studio 2015\projects\cryptography-project\cryptography project\fileio.cpp(18): warning C4267: '=': conversion from 'size_t' to 'DWORD', possible loss of data
c:\users\sng\documents\visual studio 2015\projects\cryptography-project\cryptography project\fileio.cpp(72): warning C4267: '=': conversion from 'size_t' to 'DWORD', possible loss of data
  Encrypt.cpp
  Decrypt.cpp
  Cryptography.cpp
  Conversions.cpp
c:\users\sng\documents\visual studio 2015\projects\cryptography-project\cryptography project\conversions.cpp(6): warning C4267: 'initializing': conversion from 'size_t' to 'int', possible loss of data
c:\users\sng\documents\visual studio 2015\projects\cryptography-project\cryptography project\conversions.cpp(44): warning C4244: 'argument': conversion from 'unsigned __int64' to 'char', possible loss of data
  Generating Code...
  cryptlib_x64_debug.lib(cryptlib.obj) : MSIL .netmodule or module compiled with /GL found; restarting link with /LTCG; add /LTCG to the link command line to improve linker performance
LINK : warning LNK4075: ignoring '/INCREMENTAL' due to '/LTCG' specification
Conversions.obj : warning LNK4075: ignoring '/EDITANDCONTINUE' due to '/OPT:LBR' specification
  Generating code
  Finished generating code
  Cryptography Project.vcxproj -> C:\Users\sng\Documents\Visual Studio 2015\Projects\Cryptography-Project\x64\Debug\Cryptography Project.exe
