c:\users\sng\documents\github\cryptography-project\cryptography project\x64\debug\vc140.pdb
c:\users\sng\documents\github\cryptography-project\cryptography project\x64\debug\vc140.idb
c:\users\sng\documents\github\cryptography-project\cryptography project\x64\debug\conversions.obj
c:\users\sng\documents\github\cryptography-project\cryptography project\x64\debug\cryptography.obj
c:\users\sng\documents\github\cryptography-project\cryptography project\x64\debug\decrypt.obj
c:\users\sng\documents\github\cryptography-project\cryptography project\x64\debug\encrypt.obj
c:\users\sng\documents\github\cryptography-project\cryptography project\x64\debug\fileio.obj
c:\users\sng\documents\github\cryptography-project\cryptography project\x64\debug\graphics.obj
c:\users\sng\documents\github\cryptography-project\cryptography project\x64\debug\io.obj
c:\users\sng\documents\github\cryptography-project\cryptography project\x64\debug\keygenerate.obj
c:\users\sng\documents\github\cryptography-project\cryptography project\x64\debug\matrixmath.obj
c:\users\sng\documents\github\cryptography-project\cryptography project\x64\debug\sounds.obj
c:\users\sng\documents\github\cryptography-project\cryptography project\x64\debug\rsa.obj
c:\users\sng\documents\github\cryptography-project\x64\debug\cryptography project.pdb
c:\users\sng\documents\github\cryptography-project\cryptography project\x64\debug\cryptogr.d44d8a6d.tlog\cl.command.1.tlog
c:\users\sng\documents\github\cryptography-project\cryptography project\x64\debug\cryptogr.d44d8a6d.tlog\cl.read.1.tlog
c:\users\sng\documents\github\cryptography-project\cryptography project\x64\debug\cryptogr.d44d8a6d.tlog\cl.write.1.tlog
c:\users\sng\documents\github\cryptography-project\cryptography project\x64\debug\cryptogr.d44d8a6d.tlog\link-cvtres.read.1.tlog
c:\users\sng\documents\github\cryptography-project\cryptography project\x64\debug\cryptogr.d44d8a6d.tlog\link-cvtres.write.1.tlog
c:\users\sng\documents\github\cryptography-project\cryptography project\x64\debug\cryptogr.d44d8a6d.tlog\link-rc.read.1.tlog
c:\users\sng\documents\github\cryptography-project\cryptography project\x64\debug\cryptogr.d44d8a6d.tlog\link-rc.write.1.tlog
c:\users\sng\documents\github\cryptography-project\cryptography project\x64\debug\cryptogr.d44d8a6d.tlog\link.command.1.tlog
c:\users\sng\documents\github\cryptography-project\cryptography project\x64\debug\cryptogr.d44d8a6d.tlog\link.read.1.tlog
c:\users\sng\documents\github\cryptography-project\cryptography project\x64\debug\cryptogr.d44d8a6d.tlog\link.write.1.tlog
